[16:53:35] [ServerMain/INFO]: [bootstrap] Running Java 21 (OpenJDK 64-Bit Server VM 21.0.5+11-Ubuntu-1ubuntu120.04; Ubuntu null) on Linux 6.5.0-1025-azure (amd64)
[16:53:35] [ServerMain/INFO]: [bootstrap] Loading Paper 1.21-130-master@b1b5d4c (2024-08-10T10:02:42Z) for Minecraft 1.21
[16:53:35] [ServerMain/INFO]: [PluginInitializerManager] Initializing plugins...
[16:53:36] [ServerMain/INFO]: [PluginInitializerManager] Initialized 3 plugins
[16:53:36] [ServerMain/INFO]: [PluginInitializerManager] Bukkit plugins (3):
 - Geyser-Spigot (2.6.0-SNAPSHOT), ViaVersion (5.2.0), floodgate (2.2.3-SNAPSHOT (b114-83fbd6e))
[16:53:40] [ServerMain/INFO]: Environment: Environment[sessionHost=https://sessionserver.mojang.com, servicesHost=https://api.minecraftservices.com, name=PROD]
[16:53:42] [ServerMain/INFO]: Loaded 1290 recipes
[16:53:42] [ServerMain/INFO]: Loaded 1399 advancements
[16:53:42] [Server thread/INFO]: Starting minecraft server version 1.21
[16:53:42] [Server thread/INFO]: Loading properties
[16:53:42] [Server thread/INFO]: This server is running Paper version 1.21-130-master@b1b5d4c (2024-08-10T10:02:42Z) (Implementing API version 1.21-R0.1-SNAPSHOT)
[16:53:43] [Server thread/INFO]: [spark] This server bundles the spark profiler. For more information please visit https://docs.papermc.io/paper/profiling
[16:53:43] [Server thread/INFO]: Server Ping Player Sample Count: 12
[16:53:43] [Server thread/INFO]: Using 4 threads for Netty based IO
[16:53:44] [Server thread/INFO]: [ChunkTaskScheduler] Chunk system is using 1 I/O threads, 1 worker threads, and population gen parallelism of 1 threads
[16:53:44] [Server thread/INFO]: Default game type: SURVIVAL
[16:53:44] [Server thread/INFO]: Generating keypair
[16:53:44] [Server thread/INFO]: Starting Minecraft server on *:25565
[16:53:44] [Server thread/INFO]: Using epoll channel type
[16:53:44] [Server thread/INFO]: Paper: Using libdeflate (Linux x86_64) compression from Velocity.
[16:53:44] [Server thread/INFO]: Paper: Using OpenSSL 1.1.x (Linux x86_64) cipher from Velocity.
[16:53:45] [Server thread/INFO]: [floodgate] Loading server plugin floodgate v2.2.3-SNAPSHOT (b114-83fbd6e)
[16:53:47] [Server thread/WARN]: [floodgate] en_ is not a supported Floodgate language.
[16:53:47] [Server thread/INFO]: [floodgate] Took 1,890ms to boot Floodgate
[16:53:47] [Server thread/INFO]: [ViaVersion] Loading server plugin ViaVersion v5.2.0
[16:53:47] [Server thread/INFO]: [ViaVersion] ViaVersion 5.2.0 is now loaded. Registering protocol transformers and injecting...
[16:53:48] [Via-Mappingloader-0/INFO]: [ViaVersion] Loading block connection mappings ...
[16:53:48] [Via-Mappingloader-0/INFO]: [ViaVersion] Using FastUtil Long2ObjectOpenHashMap for block connections
[16:53:49] [Server thread/INFO]: [Geyser-Spigot] Loading server plugin Geyser-Spigot v2.6.0-SNAPSHOT
[16:53:51] [Server thread/INFO]: [Geyser-Spigot] Loading extensions...
[16:53:51] [Server thread/INFO]: [Geyser-Spigot] Loaded 0 extension(s)
[16:53:51] [Server thread/INFO]: Server permissions file permissions.yml is empty, ignoring it
[16:53:51] [Server thread/WARN]: **** SERVER IS RUNNING IN OFFLINE/INSECURE MODE!
[16:53:51] [Server thread/WARN]: The server will make no attempt to authenticate usernames. Beware.
[16:53:51] [Server thread/WARN]: While this makes the game possible to play without internet access, it also opens up the ability for hackers to connect with any username they choose.
[16:53:51] [Server thread/WARN]: To change this, set "online-mode" to "true" in the server.properties file.
[16:53:51] [Server thread/INFO]: Preparing level "world"
[16:53:51] [Server thread/INFO]: Preparing start region for dimension minecraft:overworld
[16:53:52] [Server thread/INFO]: Time elapsed: 1117 ms
[16:53:52] [Server thread/INFO]: Preparing start region for dimension minecraft:the_nether
[16:53:53] [Server thread/INFO]: Time elapsed: 180 ms
[16:53:53] [Server thread/INFO]: Preparing start region for dimension minecraft:the_end
[16:53:53] [Server thread/INFO]: Time elapsed: 108 ms
[16:53:53] [Server thread/INFO]: [floodgate] Enabling floodgate v2.2.3-SNAPSHOT (b114-83fbd6e)
[16:53:54] [Server thread/INFO]: [ViaVersion] Enabling ViaVersion v5.2.0
[16:53:54] [Server thread/INFO]: [ViaVersion] ViaVersion detected server version: 1.21-1.21.1 (767)
[16:53:54] [Server thread/INFO]: [Geyser-Spigot] Enabling Geyser-Spigot v2.6.0-SNAPSHOT
[16:53:54] [Server thread/INFO]: [spark] Starting background profiler...
[16:53:55] [Server thread/INFO]: [Geyser-Spigot] ******************************************
[16:53:55] [Server thread/INFO]: [Geyser-Spigot] 
[16:53:55] [Server thread/INFO]: [Geyser-Spigot] Loading Geyser version 2.6.0-b731 (git-master-c8dadd8)
[16:53:55] [Server thread/INFO]: [Geyser-Spigot] 
[16:53:55] [Server thread/INFO]: [Geyser-Spigot] ******************************************
[16:54:03] [epollEventLoopGroup-3-1/INFO]: [Geyser-Spigot] Started Geyser on UDP port 30148
[16:54:03] [Server thread/INFO]: [Geyser-Spigot] Done (8.265s)! Run /geyser help for help!
[16:54:03] [Server thread/INFO]: Done preparing level "world" (12.361s)
[16:54:03] [Server thread/INFO]: Running delayed init tasks
[16:54:03] [Server thread/INFO]: Done (28.962s)! For help, type "help"
[16:54:03] [Craft Scheduler Thread - 2 - ViaVersion/INFO]: [ViaVersion] Finished mapping loading, shutting down loader executor.
[16:54:03] [Server thread/INFO]: Timings Reset
[16:54:56] [epollEventLoopGroup-4-1/INFO]: [Geyser-Spigot] Player connected with username NicopeepX
[16:54:56] [localSession-7-2/INFO]: [Geyser-Spigot] NicopeepX (logged in as: NicopeepX) has connected to the Java server
[16:54:57] [Server thread/INFO]: [floodgate] Floodgate player logged in as .NicopeepX joined (UUID: 00000000-0000-0000-0009-01fc55ccdaf0)
[16:54:57] [Server thread/INFO]: .NicopeepX joined the game
[16:54:57] [Server thread/INFO]: .NicopeepX[/127.0.0.1:0] logged in with entity id 118 at ([world]-53.413586, 72.0, 46.231144)
[16:56:08] [localSession-7-2/INFO]: [Geyser-Spigot] NicopeepX has disconnected from the Java server because of Bedrock client disconnected
[16:56:08] [Geyser Spigot connection thread-6-3/INFO]: [floodgate] Floodgate player logged in as .NicopeepX disconnected
[16:56:08] [Server thread/INFO]: .NicopeepX lost connection: Disconnected
[16:56:08] [Server thread/INFO]: .NicopeepX left the game
